<?xml version="1.0" encoding="UTF-8"?>
<!-- Generated by org.testng.reporters.JUnitReportReporter -->
<testsuite skipped="0" hostname="Jigna-Patel" name="com.tutorialsninja.AppTest" tests="1" failures="0" timestamp="16 May 2023 11:47:15 GMT" time="0.030" errors="0">
  <testcase name="testApp" time="0.030" classname="com.tutorialsninja.AppTest"/>
</testsuite> <!-- com.tutorialsninja.AppTest -->
